0 info it worked if it ends with ok
1 verbose cli [ '/usr/bin/node', '/usr/bin/npm', 'run', 'sass:watch' ]
2 info using npm@3.5.2
3 info using node@v8.10.0
4 verbose run-script [ 'presass:watch', 'sass:watch', 'postsass:watch' ]
5 info lifecycle php-intro@1.0.0~presass:watch: php-intro@1.0.0
6 silly lifecycle php-intro@1.0.0~presass:watch: no script for presass:watch, continuing
7 info lifecycle php-intro@1.0.0~sass:watch: php-intro@1.0.0
8 verbose lifecycle php-intro@1.0.0~sass:watch: unsafe-perm in lifecycle true
9 verbose lifecycle php-intro@1.0.0~sass:watch: PATH: /usr/share/npm/bin/node-gyp-bin:/home/oppdev2021/Documents/projects/My Sport Quiz/sportsquiz/node_modules/.bin:/usr/local/sbin:/usr/local/bin:/usr/sbin:/usr/bin:/sbin:/bin:/usr/games:/usr/local/games:/snap/bin
10 verbose lifecycle php-intro@1.0.0~sass:watch: CWD: /home/oppdev2021/Documents/projects/My Sport Quiz/sportsquiz
11 silly lifecycle php-intro@1.0.0~sass:watch: Args: [ '-c',
11 silly lifecycle   'sass --watch $(pwd)/www/public/src/scss:$(pwd)/www/public/build/css' ]
12 silly lifecycle php-intro@1.0.0~sass:watch: Returned: code: 64  signal: null
13 info lifecycle php-intro@1.0.0~sass:watch: Failed to exec sass:watch script
14 verbose stack Error: php-intro@1.0.0 sass:watch: `sass --watch $(pwd)/www/public/src/scss:$(pwd)/www/public/build/css`
14 verbose stack Exit status 64
14 verbose stack     at EventEmitter.<anonymous> (/usr/share/npm/lib/utils/lifecycle.js:232:16)
14 verbose stack     at emitTwo (events.js:126:13)
14 verbose stack     at EventEmitter.emit (events.js:214:7)
14 verbose stack     at ChildProcess.<anonymous> (/usr/share/npm/lib/utils/spawn.js:24:14)
14 verbose stack     at emitTwo (events.js:126:13)
14 verbose stack     at ChildProcess.emit (events.js:214:7)
14 verbose stack     at maybeClose (internal/child_process.js:925:16)
14 verbose stack     at Process.ChildProcess._handle.onexit (internal/child_process.js:209:5)
15 verbose pkgid php-intro@1.0.0
16 verbose cwd /home/oppdev2021/Documents/projects/My Sport Quiz/sportsquiz
17 error Linux 5.4.0-74-generic
18 error argv "/usr/bin/node" "/usr/bin/npm" "run" "sass:watch"
19 error node v8.10.0
20 error npm  v3.5.2
21 error code ELIFECYCLE
22 error php-intro@1.0.0 sass:watch: `sass --watch $(pwd)/www/public/src/scss:$(pwd)/www/public/build/css`
22 error Exit status 64
23 error Failed at the php-intro@1.0.0 sass:watch script 'sass --watch $(pwd)/www/public/src/scss:$(pwd)/www/public/build/css'.
23 error Make sure you have the latest version of node.js and npm installed.
23 error If you do, this is most likely a problem with the php-intro package,
23 error not with npm itself.
23 error Tell the author that this fails on your system:
23 error     sass --watch $(pwd)/www/public/src/scss:$(pwd)/www/public/build/css
23 error You can get information on how to open an issue for this project with:
23 error     npm bugs php-intro
23 error Or if that isn't available, you can get their info via:
23 error     npm owner ls php-intro
23 error There is likely additional logging output above.
24 verbose exit [ 1, true ]
